[    .00000] nialzing cgro ssys puet
[    00000] Initalzi cgro ssys cpu
[    0.000000]Iniaizing cgoususys puct
[  000000] Linux version 4.4.0-36-generc uidd@cy-0) (ccersion 5.4.0 20160609 (Ubuntu 5.4.0-6ubuntu1~16.04.2) ) #55-Ubuntu SMP Thu Aug 11 18:01:55 UTC 2016 (Ubuntu 4.4.0-36.55-generic 4.4.16)
[    0.000000] Cmmand le:OOT_IGE/boot/vmlnnuz.4-36-genrirot=LAELloimg-oos o coso=ty1 cnse=tyS
  0.000000] ERNEL supported cpus:
[    0.000000]   Intel GenuineIntel
[    0.000000]   AMD AuthenticAMD
[    0.000000]   Centaur CentaurHauls
[    0.000000] x86/fpu: xstate_offst[2]:  576, xstate_sizes[2]:  256
[    0.000000] x86/fpu: Supporting XSAVE feature 001: '87 foating point registers'
[    0.000000] x86/fpu: Supporting XSAVE feature 0x02: 'SSEregisters'
[    0.000000] x86/fpu: Supporting XSAVE feature 0x04: 'AVX registers'
[    0.000000] x86/fpu: Enabled xstate features 0x7, context size is 832 bytes, using 'standard' format.
[    0.000000] x86/fpu: Using 'lazy' FPU context switches.
[    0.000000] e820: BIOS-provided physical RAM map:
[    0.000000] BIO-e0: [mem 0000000000000000-0x000000000009fbff] usable
[    0000000] OSe80: [m 000000000009fc00-0x000000000009ffff] reserved
[    0.000000] BIOS-e820: [mem 0x00000000000f0000-0x00000000000ffff] esrved
[    0.000000] BIOS-e820: [mem 0x0000000000100000-0x000000003ffeffff] usable
[    0.000000] BIOS-e820: [mem 0x000000003fff0000-0x000000003fffffff] ACPI data    00000 BIOS-e20[mm 0x0000000f00000x00000000fec00fff] reserved
[    0.000000] BIOS-e82: [mem 0000000e0000-x0000000fee00fff] reservd
[   .0000]BI-e20: me0x000000fc000-x00000000ffffffff] reserved
[    0.00000] X (Execte Diabe)rotectio actve[   0.000] BI 2.5 rent.
[   .00000] Hypervir eteced: KVM
[    0.000000] e820: last_pfn = 0x3fff0 max_arch_fn 0x400000000
[    0.000000] x86/PAT: Configuration[0]:WB  WC UC- UC  WB  WC  UC- WT  
[    000000] MTRR: Disabled
    0.000]CPUTR all blank- rtalze stem.
[    .000000] found SMP MP-table t em 0x00ff-0x0009ffff] mapped at [ffff88000009fff0]
[   0.0000 Scanning aea f lw emorycoruion[    0.000000] RAMDISK: [mem 0x371c2000-0x378d8fff]
[    0.000000] ACPI: Early table checksum verification disabled
[    0.000000] ACPI: RSDP 0x00000000000E0000 000024 (v02 VBOX  )
[    0.000000]ACI:XSDT 0000003FFF300003C (01BO   OXDT 0000001 AS  000006
   0.00000]CP: FACP x000003FF00 000F4 (v04 VBOX   VBOXAC000001SL 00000)
[    0.000] ACI:SD 0x000000003FFF0470 00210 (1 BOX  VBBI 0000000INL 20105)
[    0.000000] ACPI: FACS 0x000000003FFF0200 000040
[    0.000000] CPI: FACS 0x000000003FFF0200 00040
[   0.000] CPI: APIC 0x000003FF00 005C(v2 VX   BOPI 0000000AS 000000)[   0.00000]CPI: SSDT 0x000000003FFF02A0 0001CC (v01 VBOX   VBOXCPUT 00000002 INTL 20100528)
[    0.000000] No NUMA configuration found
[    0.000000] Faking a node at [mem 0x0000000000000000-0x000000003ffeffff]
[    0.000000] NODE_DATA(0) allocaedme 0x3ffeb000-0x3ffeffff]
[    0.000] kvm-clock: Using msrs 4b564d0 and 4b56400[    .000] km-oc: cp 0,ms 03ff70, riarcp clock
[    0.000000] km-ock: using sced ofs o 309527 cycles
[    0.00000 cocksocekvm-lo: mas: 0xfffffffffff m_ccles: 0x1d44db, ma_ie_s: 881595983ns
  0.00000] Zneanes:
[   0.000]   A   [mem 0000000000000x000000fffff
[   0.0000] DM32  em 0x00000010000000x000003ffeffff]
[    0.00000]  Nrmal   empty   0.00000  evce epty[   0.000000] Movable znetat for ach de
[  000000] Early memoryno rnges
[    0.000000]   node   0: [mem 0x0000000000001000-0x000000000009efff]
[    0.000000]   node   0: [mem 0x0000000000100000-0x000000003ffeffff]
[    0.000000] Initmem setup node 0 [mem 0x0000000000001000-0x000000003ffeffff]
[    0.000000] ACPI: PM-Timer IO Port: 0x4008
[    0.000000] IOAPIC[0]: apic_id 2, version 32, address 0xfec00000, GSI 0-23
[    0.000000] ACPI: INT_SRC_OVR (bus 0 bus_irq 0 global_irq 2 dfl dfl)
[    0.000000] ACI:NTSRCOV(bs 0 bu_i 9global_q high level)
[    0.000000] Using ACPI (MADT) for SMP configuration information
[    0.000000] smpboot: Allowing 2 CPUs, 0 hotplug CPUs
[    0.000000] PM: Registered nosave memory: [mem 0x00000000x00000fff]
[    0.0000 P Rgiserenoave emy: [mem 0x0009f000-0x000ffff]   0.000]PM: Registered nosave memoy:[mm 0x000a0000-0x00efff
[    000000] PM: Registered nosave memory: [memx000f0000-0x000fffff]
[   0.000] e820: [mem 0x40000000-0xfebffffavilable for PCI devices
[    0.000000] Booting paravirtualized kernel on KVM
[    0.000000] clocksource: refined-jiffies: mask: 0xffffffff max_cycles: 0xffffffff, max_idle_ns: 7645519600211568 ns
[    0.000000] setup_percpu: NR_CPUS:256 nr_cpumask_bits:256 nr_cpu_ids:2 nr_node_ids:1
[    0.000000] PERCPU: Embedded 33 pages/cpu @ffff88003fc00000 s98008 r8192 d28968 u1048576
[    0.000000] PV qspinlock hash table entries: 256 (order: 0, 4096 bytes)
[    0.000000] Built 1 zonelists in Node order, mobility grouping on.  Ttal pages: 257913
  0.000] licy neDMA32[   000000] Kernel command line: BOOT_IMAGE=/boot/vmlinuz-4.4.0-36-generic root=LABEL=cloudmg-rotfs o nsle=y1onsole=ttyS0
[    0.000000] PID hash table entries: 4096 (order 332768 bytes)
[    0.000000] Memory: 1005380K/108120Kvaable (8394K kernel code, 1282 rata, 3944K rdaa,480K int, 122K ss, 42740K reserved, 0K cma-reserved)
[    0.000000] SLUB: HWalign=64, Order=0-3, MinObjects=0, CPUs=2, Nodes=1
[    0.000000] Hierarchical RCU implementation.
[    0.000000] 	Build-time adjustment of leaf fanout to 64.
[    0.000000] 	RCU restricting CPUs from NR_CPUS=256 to nr_cpu_ids=2.
[    0.000000] RCU: Adjusting geometry for rcu_fanout_leaf=64, nr_cpu_ids=2
[    0.000000] NR_IRQS:16640 nr_irqs:440 16
[    0.000000] Console: colour VGA+ 80x25
[    0.000000] console [tty1] enabled
[    0.000000] console [ttyS0] enabled
[    0.000000] tsc: Detected 3100.000 MHz processor
[    9514] Calibrating delay loop (skipped) preset value.. 6200.00 BogoMIPS (lpj=12400000)
[    8.998155] pid_max: default: 32768 minimum: 301
[    9.004509] ACPI: Core revision 20150930
[    9.009026] ACPI: 2 ACPI AML tables successfully acquired and loaded
[    9.099623] Security Framework initialized
[    9.171855] Yama: becoming mindful.
[    9.232286] AppArmor: AppArmor initialized
[    9.283401] Dentry cache hash table entries: 131072 (order: 8, 1048576 bytes)
[    9.316601] Inode-cache hash table entries: 65536 (order: 7, 524288 bytes)
[    9.358988] Mount-cache hash table entries: 2048 (order: 2, 16384 bytes)
[    9.387526] Mountpoint-cache hash table entries: 2048 (order: 2, 16384 bytes)
[    9.483950] Initializing cgroup subsys io
[    9.488565] Initializing cgroup subsys memory
[    9.508183] Initializing cgroup subsys devices
[    9.571854] Initializing cgroup subsys freezer
[    9.619778] Initializing cgroup subsys net_cls
[    9.683941] Initializing cgroup subsys perf_event
[    9.733133] Initializing cgroup subsys net_prio
[    9.734109] Initializing cgroup subsys hugetlb
[    9.783517] Initializing cgroup subsys pids
[    9.791512] CPU: Physical Processor ID: 0
[    9.804435] CPU: Processor Core ID: 0
[    9.813170] mce: CPU supports 0 MCE banks
[    9.853186] Last level iTLB entries: 4KB 64, 2MB 8, 4MB 8
[    9.854363] Last level dTLB entries: 4KB 64, 2MB 0, 4MB 0, 1GB 4
[    9.938448] Freeing SMP alternatives memory: 28K (ffffffff820b4000 - ffffffff820bb000)
[    9.979956] ftrace: allocating 31996 entries in 125 pages
[   10.059352] smpboot: Max logical packages: 1
[   10.095650] smpboot: APIC(0) Converting physical 0 to logical package 0
[   10.098341] x2apic enabled
[   10.107165] Switched APIC routing to physical x2apic.
[   10.115719] ..TIMER: vector=0x30 apic1=0 pin1=2 apic2=-1 pin2=-1
[   10.263792] smpboot: CPU0: Intel(R) Core(TM) i7-5557U CPU @ 3.10GHz (family: 0x6, model: 0x3d, stepping: 0x4)
[   10.311417] Performance Events: unsupported p6 CPU model 61 no PMU driver, software events only.
[   10.323897] KVM setup paravirtual spinlock
[   10.354841] x86: Booting SMP configuration:
[   10.355969] .... node  #0, CPUs:      #1
[   10.358170] kvm-clock: cpu 1, msr 0:3ffe7041, secondary cpu clock
[   10.373659] mce: CPU supports 0 MCE banks
[   10.391181] x86: Booted up 1 node, 2 CPUs
[   10.414190] smpboot: Total of 2 processors activated (12400.00 BogoMIPS)
[   10.438308] devtmpfs: initialized
[   10.447389] evm: security.selinux
[   10.454119] evm: security.SMACK64
[   10.466792] evm: security.SMACK64EXEC
[   10.467715] evm: security.SMACK64TRANSMUTE
[   10.482251] evm: security.SMACK64MMAP
[   10.493710] evm: security.ima
[   10.508738] evm: security.capability
[   10.510017] clocksource: jiffies: mask: 0xffffffff max_cycles: 0xffffffff, max_idle_ns: 7645041785100000 ns
[   10.570302] pinctrl core: initialized pinctrl subsystem
[   10.577059] RTC time: 20:23:44, date: 09/20/16
[   10.597924] NET: Registered protocol family 16
[   10.611178] cpuidle: using governor ladder
[   10.662959] cpuidle: using governor menu
[   10.713498] PCCT header not found.
[   10.719853] ACPI: bus type PCI registered
[   10.724813] acpiphp: ACPI Hot Plug PCI Controller Driver version: 0.5
[   10.740022] PCI: Using configuration type 1 for base access
[   10.761258] ACPI: Added _OSI(Module Device)
[   10.776215] ACPI: Added _OSI(Processor Device)
[   10.812939] ACPI: Added _OSI(3.0 _SCP Extensions)
[   10.841159] ACPI: Added _OSI(Processor Aggregator Device)
[   10.849354] ACPI: Executed 1 blocks of module-level executable AML code
[   10.862263] ACPI: Interpreter enabled
[   10.876490] ACPI Exception: AE_NOT_FOUND, While evaluating Sleep State [\_S1_] (20150930/hwxface-580)
[   10.885363] ACPI Exception: AE_NOT_FOUND, While evaluating Sleep State [\_S2_] (20150930/hwxface-580)
[   10.936077] ACPI Exception: AE_NOT_FOUND, While evaluating Sleep State [\_S3_] (20150930/hwxface-580)
[   10.975690] ACPI Exception: AE_NOT_FOUND, While evaluating Sleep State [\_S4_] (20150930/hwxface-580)
[   11.030128] ACPI: (supports S0 S5)
[   11.049622] ACPI: Using IOAPIC for interrupt routing
[   11.050839] PCI: Using host bridge windows from ACPI; if necessary, use "pci=nocrs" and report a bug
[   11.063354] ACPI: PCI Root Bridge [PCI0] (domain 0000 [bus 00-ff])
[   11.083973] acpi PNP0A03:00: _OSC: OS supports [ASPM ClockPM Segments MSI]
[   11.085315] acpi PNP0A03:00: _OSC failed (AE_NOT_FOUND); disabling ASPM
[   11.086735] acpi PNP0A03:00: fail to add MMCONFIG information, can't access extended PCI configuration space under this bridge.
[   11.118718] PCI host bridge to bus 0000:00
[   11.146146] pci_bus 0000:00: root bus resource [io  0x0000-0x0cf7 window]
[   11.189309] pci_bus 0000:00: root bus resource [io  0x0d00-0xffff window]
[   11.196049] pci_bus 0000:00: root bus resource [mem 0x000a0000-0x000bffff window]
[   11.238371] pci_bus 0000:00: root bus resource [mem 0x40000000-0xffdfffff window]
[   11.286171] pci_bus 0000:00: root bus resource [bus 00-ff]
[   11.307332] pci 0000:00:01.1: legacy IDE quirk: reg 0x10: [io  0x01f0-0x01f7]
[   11.366357] pci 0000:00:01.1: legacy IDE quirk: reg 0x14: [io  0x03f6]
[   11.419507] pci 0000:00:01.1: legacy IDE quirk: reg 0x18: [io  0x0170-0x0177]
[   11.429919] pci 0000:00:01.1: legacy IDE quirk: reg 0x1c: [io  0x0376]
[   11.477137] pci 0000:00:07.0: quirk: [io  0x4000-0x403f] claimed by PIIX4 ACPI
[   11.521772] pci 0000:00:07.0: quirk: [io  0x4100-0x410f] claimed by PIIX4 SMB
[   11.585904] ACPI: PCI Interrupt Link [LNKA] (IRQs 5 9 10 *11)
[   11.631377] ACPI: PCI Interrupt Link [LNKB] (IRQs 5 9 10 *11)
[   11.654846] ACPI: PCI Interrupt Link [LNKC] (IRQs 5 9 *10 11)
[   11.656474] ACPI: PCI Interrupt Link [LNKD] (IRQs 5 *9 10 11)
[   11.666017] ACPI: Enabled 2 GPEs in block 00 to 07
[   11.690609] vgaarb: setting as boot device: PCI:0000:00:02.0
[   11.744609] vgaarb: device added: PCI:0000:00:02.0,decodes=io+mem,owns=io+mem,locks=none
[   11.807272] vgaarb: loaded
[   11.825845] vgaarb: bridge control possible 0000:00:02.0
[   11.853986] SCSI subsystem initialized
[   11.863578] ACPI: bus type USB registered
[   11.864515] usbcore: registered new interface driver usbfs
[   11.867936] usbcore: registered new interface driver hub
[   11.869043] usbcore: registered new device driver usb
[   11.879100] PCI: Using ACPI for IRQ routing
[   11.918318] NetLabel: Initializing
[   11.974085] NetLabel:  domain hash size = 128
[   12.005687] NetLabel:  protocols = UNLABELED CIPSOv4
[   12.043059] NetLabel:  unlabeled traffic allowed by default
[   12.056817] amd_nb: Cannot enumerate AMD northbridges
[   12.106189] clocksource: Switched to clocksource kvm-clock
[   2.055]pprm: pprm Fesystem Enbled[   12.547084] pnp: PnP AC it  2.86] np: nPCPI: fond dvies
[   13.134749] clocksource: acpi_pm: mask: 0xffffff max_cycles: 0xffffff, max_idle_ns: 2085701024 ns
[   13.280101] NET: Registered protocol family 2
[   13.330433] TCP established hash table entries: 8192 (order: 4, 65536 bytes)
[   13.390804] TCP bind hash table entries: 8192 (order: 5, 131072 bytes)
[   13.405217] TCP: Hash tables configured (established 8192 bind 8192)
[   13.406547] UDP hash table entries: 512 (order: 2, 16384 bytes)
[   13.412348] UDP-Lite hash table entries: 512 (order: 2, 16384 bytes)
[   13.439400] NET: Registered protocol family 1
[   13.446218] pci 0000:00:00.0: Limiting direct PCI/PCI transfers
[   13.464064] pci 0000:00:01.0: Activating ISA DMA hang workarounds
[   13.547844] Trying to unpack rootfs image as initramfs...
[   14.730561] Freeing initrd memory: 7260K (ffff8800371c2000 - ffff8800378d9000)
[   14.742847] RAPL PMU detected, API unit is 2^-32 Joules, 4 fixed counters 10737418240 ms ovfl timer
[   14.748857] hw unit of domain pp0-core 2^-0 Joules
[   14.864405] hw uiit of domain package 2^-0 Joules
[   14.962129] hw unit of domain dram 2^-0 Joules
[   15.054567] hw unit of domain pp1-gpu 2^-0 Joules
[   15.072056] platform rtc_cmos: registered platform RTC device (no PNP device found)
[   15.082454] Scanning for low memory corruption every 60 seconds
[   15.112622] futex hash table entries: 512 (order: 3, 32768 bytes)
[   15.119793] audit: initializing netlink subsys (disabled)
[   15.131448] audit: type=2000 audit(1474403021.921:1): initialized
[   15.136989] Initialise system trusted keyring
[   15.143492] HugeTLB registered 2 MB page size, pre-allocated 0 pages
[   15.163969] zbud: loaded
[   15.167331] VFS: Disk quotas dquot_6.6.0
[   15.174991] VFS: Dquot-cache hash table entries: 512 (order 0, 4096 bytes)
[   15.245311] squashfs: version 4.0 (2009/01/31) Phillip Lougher
[   15.313611] fuse init (API version 7.23)
[   15.333120] Key type big_key registered
[   15.364960] Allocating IMA MOK and blacklist keyrings.
[   15.406511] Key type asymmetric registered
[   15.460818] Asymmetric key parser 'x509' registered
[   15.500768] Block layer SCSI generic (bsg) driver version 0.4 loaded (major 249)
[   15.524609] io scheduler noop registered
[   15.604534] io scheduler deadline registered (default)
[   15.623347] io scheduler cfq registered
[   15.631420] pci_hotplug: PCI Hot Plug PCI Core version: 0.5
[   15.642382] pciehp: PCI Express Hot Plug Controller Driver version: 0.4
[   15.685287] ACPI: AC Adapter [AC] (off-line)
[   15.723951] input: Power Button as /devices/LNXSYSTM:00/LNXPWRBN:00/input/input0
[   15.862449] ACPI: Power Button [PWRF]
[   15.934189] input: Sleep Button as /devices/LNXSYSTM:00/LNXSLPBN:00/input/input1
[   16.004534] ACPI: Sleep Button [SLPF]
[   16.043625] GHES: HEST is not enabled!
[   16.046191] ACPI: Battery Slot [BAT0] (battery present)
[   16.080026] tsc: Refined TSC clocksource calibration: 3102.225 MHz
[   16.081254] clocksource: tsc: mask: 0xffffffffffffffff max_cycles: 0x2cb77d6ce9e, max_idle_ns: 440795307732 ns
[   16.232958] Serial: 8250/16550 driver, 32 ports, IRQ sharing enabled
[   16.377006] 00:02: ttyS0 at I/O 0x3f8 (irq = 4, base_baud = 115200) is a 16550A
[   16.408574] Linux agpgart interface v0.103
[   16.415558] brd: module loaded
[   16.455673] loop: module loaded
[   16.467698] scsi host0: ata_piix
[   16.545946] scsi host1: ata_piix
[   16.653621] ata1: PATA max UDMA/33 cmd 0x1f0 ctl 0x3f6 bmdma 0xd000 irq 14
[   16.754965] ata2: PATA max UDMA/33 cmd 0x170 ctl 0x376 bmdma 0xd008 irq 15
[   16.888989] libphy: Fixed MDIO Bus: probed
[   16.956452] tun: Universal TUN/TAP device driver, 1.6
[   16.982231] tun: (C) 1999-2004 Max Krasnyansky <maxk@qualcomm.com>
[   17.056655] PPP generic driver version 2.4.2
[   17.174088] ehci_hcd: USB 2.0 'Enhanced' Host Controller (EHCI) Driver
[   17.234007] ehii-pci: EHCI PCI platform driver
[   17.314189] ehci-platform: EHCI generic platform driver
[   17.373937] ohci_hcd: USB 1.1 'Open' Host Controller (OHCI) Driver
[   17.492041] ohci-pci: OHCI PCI platform driver
[   17.524978] ohci-platform: OHCI generic platform driver
[   17.633730] uhci_hcd: USB Universal Host Controller Interface driver
[   17.722916] i8042: PNP: PS/2 Controller [PNP0303:PS2K,PNP0f03:PS2M] at 0x60,0x64 irq 1,12
[   17.814198] serio: i8042 KBD port at 0x60,0x64 irq 1
[   17.974371] serio: i8042 AUX port at 0x60,0x64 irq 12
[   18.054321] mousedev: PS/2 mouse device common for all mice
[   18.204874] rtc_cmos rtc_cmos: rtc core: registered rtc_cmos as rtc0
[   18.345371] rtc_cmos rtc_cmos: alarms up to one day, 114 bytes nvram
[   18.361991] i2c /dev entries driver
[   18.364256] input: AT Translated Set 2 keyboard as /devices/platform/i8042/serio0/input/input2
[   18.365845] device-mapper: uevent: version 1.0.3
[   18.366669] device-mapper: ioctl: 4.34.0-ioctl (2015-10-28) initialised: dm-devel@redhat.com
[   18.368066] ledtrig-cpu: registered to indicate activity on CPUs
[   18.370942] NET: Registered protocol family 10
[   18.395744] NET: Registered protocol family 17
[   18.535002] Key type dns_resolver registered
[   18.646828] microcode: CPU0 sig=0x306d4, pf=0x40, revision=0x0
[   18.714356] microcode: CPU1 sig=0x306d4, pf=0x40, revision=0x0
[   18.822617] microcode: Microcode Update Driver: v2.01 <tigran@aivazian.fsnet.co.uk>, Peter Oruba
[   18.982579] registered taskstats version 1
[   19.060137] Loading compiled-in X.509 certificates
[   19.154760] Loaded X.509 cert 'Build time autogenerated kernel key: 181cd957879f68b474ab1d0c92722cd44e756f77'
[   19.282906] zswap: loaded using pool lzo/zbud
[   19.405425] Key type trusted registered
[   19.484488] Key type encrypted registered
[   19.514603] AppArmor: AppArmor sha1 policy hashing enabled
[   19.581265] ima: No TPM chip found, activating TPM-bypass!
[   19.595239] evm: HMAC attrs: 0x1
[   19.598759]   Magic number: 0:467:397
[   19.599594] mem random: hash matches
[   19.600460] rtc_cmos rtc_cmos: setting system clock to 2016-09-20 20:23:53 UTC (1474403033)
[   19.602328] BIOS EDD facility v0.16 2004-Jun-25, 0 devices found
[   19.711330] EDD information not available.
[   19.714189] Freeing unused kernel memory: 1480K (ffffffff81f42000 - ffffffff820b4000)
[   19.745294] Write protecting the kernel read-only data: 14336k
[   19.846826] Freeing unused kernel memory: 1832K (ffff880001836000 - ffff880001a00000)
[   19.895202] Freeing unused kernel memory: 152K (ffff880001dda000 - ffff880001e00000)
Loading, please wait...
starting version[   19.907411] random: systemd-udevd urandom read with 7 bits of entropy available
 229
[   19.940512] e1000: Intel(R) PRO/1000 Network Driver - version 7.3.21-k8-NAPI
[   19.955890] e1000: Copyright (c) 1999-2006 Intel Corporation.
[   19.972992] Fusion MPT base driver 3.04.20
[   19.984586] Copyright (c) 1999-2008 LSI Corporation
[   20.021182] Fusion MPT SPI Host driver 3.04.20
[   20.088244] AVX version of gcm_enc/dec engaged.
[   20.101009] AES CTR mode by8 optimization enabled
[   20.229532] input: ImExPS/2 Generic Explorer Mouse as /devices/platform/i8042/serio1/input/input4
[   20.386193] e1000 0000:00:03.0 eth0: (PCI:33MHz:32-bit) 02:76:61:22:8c:2b
[   20.468344] e1000 0000:00:03.0 eth0: Intel(R) PRO/1000 Network Connection
[   20.500295] mptbase: ioc0: Initiating bringup
[   20.598113] e1000 0000:00:03.0 enp0s3: renamed from eth0
[   20.664079] ioc0: LSI53C1030 A0: Capabilities={Initiator}
[   20.846105] scsi host2: ioc0: LSI53C1030 A0, FwRev=00000000h, Ports=1, MaxQ=256, IRQ=20
[   21.955689] scsi 2:0:0:0: Direct-Access     VBOX     HARDDISK         1.0  PQ: 0 ANSI: 5
[   22.022745] scsi target2:0:0: Beginning Domain Validation
[   22.140798] scsi target2:0:0: Domain Validation skipping write tests
[   22.141958] scsi target2:0:0: Ending Domain Validation
[   22.142887] scsi target2:0:0: asynchronous
[   22.180469] scsi 2:0:1:0: Direct-Access     VBOX     HARDDISK         1.0  PQ: 0 ANSI: 5
[   22.281250] scsi target2:0:1: Beginning Domain Validation
[   22.348731] scsi target2:0:1: Domain Validation skipping write tests
[   22.366410] scsi target2:0:1: Ending Domain Validation
[   22.375572] scsi target2:0:1: asynchronous
[   22.473140] sd 2:0:0:0: [sda] 20971520 512-byte logical blocks: (10.7 GB/10.0 GiB)
[   22.473149] sd 2:0:0:0: Attached scsi generic sg0 type 0
[   22.473636] sd 2:0:1:0: Attached scsi generic sg1 type 0
[   22.632446] sd 2:0:1:0: [sdb] 20480 512-byte logical blocks: (10.5 MB/10.0 MiB)
[   22.648573] sd 2:0:0:0: [sda] Write Protect is off
[   22.649643] sd 2:0:1:0: [sdb] Write Protect is off
[   22.675105] sd 2:0:0:0: [sda] Incomplete mode parameter data
[   22.769004] sd 2:0:0:0: [sda] Assuming drive cache: write through
[   22.770459] sd 2:0:1:0: [sdb] Incomplete mode parameter data
[   22.770460] sd 2:0:1:0: [sdb] Assuming drive cache: write through
[   22.777808] sd 2:0:1:0: [sdb] Attached SCSI disk
[   22.907268]  sda: sda1
[   22.912843] sd 2:0:0:0: [sda] Attached SCSI disk
[   23.082532] floppy0: no floppy controllers found
Begin: Loading e[   24.538631] md: linear personality registered for level -1
ssential drivers[   24.596815] md: multipath personality registered for level -4
 ... [   24.673065] md: raid0 personality registered for level 0
[   24.741734] md: raid1 personality registered for level 1
[   24.874411] raid6: sse2x1   gen() 10093 MB/s
[   24.994198] raid6: sse2x1   xor()  7934 MB/s
[   25.102322] raid6: sse2x2   gen() 12737 MB/s
[   25.226493] raid6: sse2x2   xor()  8541 MB/s
[   25.318438] raid6: sse2x4   gen() 14918 MB/s
[   25.422834] raid6: sse2x4   xor() 10645 MB/s
[   25.452402] raid6: using algorithm sse2x4 gen() 14918 MB/s
[   25.514286] raid6: .... xor() 10645 MB/s, rmw enabled
[   25.582375] raid6: using ssse3x2 recovery algorithm
[   25.629550] xor: automatically using best checksumming function:
[   25.774549]    avx       : 22063.000 MB/sec
[   25.806539] async_tx: api initialized (async)
[   25.853585] md: raid6 personality registered for level 6
[   25.929029] md: raid5 personality registered for level 5
[   25.984120] md: raid4 personality registered for level 4
[   26.049070] md: raid10 personality registered for level 10
done.
Begin: Running /scripts/init-premount ... done[   26.131565] Btrfs loaded
.
Begin: Mounting root file system ... Begin: Running /scripts/local-top ... done.
Begin: Running /scripts/local-premount ... Scanning for Btrfs filesystems
done.
Warning: fsck no[   26.204035] EXT4-fs (sda1): INFO: recovery required on readonly filesystem
t present, so skipping root file system
[   26.314180] EXT4-fs (sda1): write access will be enabled during recovery
[   26.450393] EXT4-fs (sda1): recovery complete
[   27.168492] EXT4-fs (sda1): mounted filesystem with ordered data mode. Opts: (null)
done.
Begin: Running /scripts/local-bottom ... done.
Begin: Running /scripts/init-bottom ... Warning: overlayroot: debug is busted
done.
[   8.509] sstmd[1: stmd29 rnng  stemo. PA+ADIT+SINUX +IMA +PPMO+SCKSYIN +MP+LIBRYSEP CRT NUS CLXZ LZ+SCO +LKD LFUTILS +KMOD ID
[   30.052474] systemd[1]: Detected virtualization oracle.
[   30.102265] systemd[1]: Detected architecture x86-64.

Welcome to [1mUbuntu 16.04.1 LTS[0m!

[ 30689]ystem[1: Se htne  <un-xeia.
[   30.759683] random: nonblocking pool is initialized
[  30.81066] systemd[1]: Listening on Journal Socket
[[0;32m  OK  [0m] Listening on Journal Socket.
[   30.973137] systemd[1]: Listening on Syslog Socket.
[[0;32m  OK  [0m] Listening on Syslog Socket.
[  3.988] std[: aced target Enryted oles

[[0;32m  OK  [0m] Reached target Encrypted Volumes.
[   1.88] stmd[1]: Reachd rg Sap.
[[0;32m  OK  [0m] Reached target Swap.
[   1.9585] sstd[: stinonVM metadata daemon cket
[[0;32m  OK  [0m] Listening on LVM2 metadata daemon socket.
[   32.628] std[: sting o L2 pol em ske
[[0;32m  OK  [0m] Listening on LVM2 poll daemon socket.
[   3.222] systed[1]: Listening on Journal Sockt (/dev/lg)

[[0;32m  OK  [0m] Listening on Journal Socket (/dev/log).
[ 33348]ysmd]:isning on udev KeneSoket.
[[0;32m  OK  [0m] Listening on udev Kernel Socket.
[   34.042621] sstd[: ard rwrdasswordReuests  Wal DreorWah. [[0;32m  OK  [0m] Started Forward Password Requests to Wall Directory Watch.
[   349782syem1]Lieng on ude Cntrol Soke
[[0;32m  OK  [0m] Listening on udev Control Socket.
[ 35899656] systemd[1]: Crat slice User and Session Slice.

[[0;32m  OK  [0m] Created slice User and Session Slice.
[  368405syem1]Creaed slice System Slice.
[[0;32m  OK  [0m] Created slice System Slice.
[   36.429240] systemd[1]: Starting Set console keymap...
         Starting Set console keymap...
[   36.526725] systemd[1]: Mounting POSIX Message Queue File System...
         Mounting POSIX Message Queue File System...
[   36.682909] systemd[1]: Starting Load Kernel Modules...
[   36.690040] Loading iSCSI transport class v2.0-870.
         Starting Load Kernel Modules...
[   37.706673] iscsi: registered transport (tcp)
[   38.507677] systemd[1]: Starting Create list of required static device nodes for the current kernel...
         Starting Create list of required st... nodes for the cu[   38.532347] iscsi: registered transport (iser)
rrent kernel...
[   38.590681] systemd[1]: Reached target Slices.
[[0;32m  OK  [0m] Reached target Slices.
[   38.703168] systemd[1]: Created slice system-serial\x2dgetty.slice.
[[0;32m  OK  [0m] Created slice system-serial\x2dgetty.slice.
[   38.890835] systemd[1]: Mounting Huge Pages File System...
         Mounting Huge Pages File System...
[   38.959182] systemd[1]: Mounting Debug File System...
         Mounting Debug File System...
[   39.079266] systemd[1]: Starting Uncomplicated firewall...
         Starting Uncomplicated firewall...
[   39.246698] systemd[1]: Starting Nameserver information manager...
         Starting Nameserver information manager...
[   39.382660] systemd[1]: Listening on Journal Audit Socket.
[[0;32m  OK  [0m] Listening on Journal Audit Socket.
[   39.499303] systemd[1]: Starting Journal Service...
         Starting Journal Service...
[   39.546605] systemd[1]: Starting Remount Root and Kernel File Systems...
[   39.549424] EXT4-fs (sda1): re-mounted. Opts: (null)
         Starting Remount Root and Kernel File Systems...
[   39.879470] systemd[1]: Listening on Device-mapper event daemon FIFOs.
[[0;32m  OK  [0m] Listening on Device-mapper event daemon FIFOs.
[   40.062886] systemd[1]: Starting Monitoring of LVM2 mirrors, snapshots etc. using dmeventd or progress polling...
         Starting Monitoring of LVM2 mirrors... dmeventd or progress polling...
[   40.118776] systemd[1]: Set up automount Arbitrary Executable File Formats File System Automount Point.
[[0;32m  OK  [0m] Set up automount Arbitrary Executab...ats File System Automount Point.
[   40.393673] systemd[1]: Reached target User and Group Name Lookups.
[[0;32m  OK  [0m] Reached target User and Group Name Lookups.
[   40.524620] systemd[1]: Listening on /dev/initctl Compatibility Named Pipe.
[[0;32m  OK  [0m] Listening on /dev/initctl Compatibility Named Pipe.
[   40.740231] systemd[1]: Mounted Huge Pages File System.
[[0;32m  OK  [0m] Mounted Huge Pages File System.
[   40.886736] systemd[1]: Mounted POSIX Message Queue File System.
[[0;32m  OK  [0m] Mounted POSIX Message Queue File System.
[   41.031486] systemd[1]: Mounted Debug File System.
[[0;32m  OK  [0m] Mounted Debug File System.
[   41.213910] systemd[1]: Started Journal Service.
[[0;32m  OK  [0m] Started Journal Service.
[[0;32m  OK  [0m] Started Set console keymap.
[[0;32m  OK  [0m] Started Load Kernel Modules.
[[0;32m  OK  [0m] Started Create list of required sta...ce nodes for the current kernel.
[[0;32m  OK  [0m] Started Uncomplicated firewall.
[[0;32m  OK  [0m] Started Remount Root and Kernel File Systems.
[[0;32m  OK  [0m] Started Nameserver information manager.
[[0;32m  OK  [0m] Started LVM2 metadata daemon.
         Starting Load/Save Random Seed...
         Starting udev Coldplug all Devices...
         Starting Create Static Device Nodes in /dev...
         Mounting FUSE Control File System...
         Starting Apply Kernel Variables...
         Starting Flush Journal to Persistent Storage...
[[0;32m  OK  [0m] Mounted FUSE Control File System.
[[0;32m  OK  [0m] Started Load/Save Random Seed.
[[0;32m  OK  [0m] Started Create Static Device Nodes in /dev.
[[0;32m  OK  [0m] Started Apply Kernel Variables.
[[0;32m  OK  [0m] Started udev Coldplug all Devices.
[[0;32m  OK  [0m] Started Monitoring of LVM2 mirrors,...ng dmeventd or progress polling.
[[0;32m  OK  [0m] Started Flush Journal to Persistent Storage.
         Starting udev Kernel Device Manager...
[[0;32m  OK  [0m] Started udev Kernel Device Manager.
[[0;32m  OK  [0m] Reached target Local File Systems (Pre).
[[0;32m  OK  [0m] Reached target Local File Systems.
         Starting Set console font and keymap...
         Starting Run snappy firstboot setup...
         Starting Tell Plymouth To Write Out Runtime Data...
         Starting Initial cloud-init job (pre-networking)...
         Starting Create Volatile Files and Directories...
         Starting LSB: AppArmor initialization...
[[0;32m  OK  [0m] Started Dispatch Password Requests to Console Directory Watch.
[[0;32m  OK  [0m] Started Run snappy firstboot setup.
[[0;32m  OK  [0m] Started Tell Plymouth To Write Out Runtime Data.
[[0;32m  OK  [0m] Started Create Volatile Files and Directories.
         Starting Update UTMP about System Boot/Shutdown...
[[0;32m  OK  [0m] Reached target System Time Synchronized.
[[0;32m  OK  [0m] Started Update UTMP about System Boot/Shutdown.
[[0;32m  OK  [0m] Started LSB: AppArmor initialization.
[[0;1;31mFAILED[0m] Failed to start Set console font and keymap.
See 'systemctl status console-setup.service' for details.
[[0;32m  OK  [0m] Created slice system-getty.slice.
[[0;32m  OK  [0m] Reached target System Initialization.
[[0;32m  OK  [0m] Listening on ACPID Listen Socket.
[[0;32m  OK  [0m] Listening on D-Bus System Message Bus Socket.
[[0;32m  OK  [0m] Started ACPI Events Check.
[[0;32m  OK  [0m] Reached target Paths.
[[0;32m  OK  [0m] Started Timer to automatically refresh installed snaps.
[[0;32m  OK  [0m] Started Daily apt activities.
[[0;32m  OK  [0m] Listening on UUID daemon activation socket.
[[0;32m  OK  [0m] Started Daily Cleanup of Temporary Directories.
[[0;32m  OK  [0m] Reached target Timers.
         Starting Socket activation for snappy daemon.
         Starting LXD - unix socket.
[[0;32m  OK  [0m] Listening on Socket activation for snappy daemon.
[[0;32m  OK  [0m] Listening on LXD - unix socket.
[[0;32m  OK  [0m] Found device /dev/ttyS0.
[[0;32m  OK  [0m] Reached target Sockets.
[[0;32m  OK  [0m] Reached target Basic System.
         Starting Accounts Service...
         Starting System Logging Service...
[[0;32m  OK  [0m] Started Deferred execution scheduler.
[   31.705068] cloud-init[1064]: Cloud-init v. 0.7.7 running 'init-local' at Tue, 20 Sep 2016 20:24:16 +0000. Up 31.37 seconds.
         Starting LXD - container startup/shutdown...
         Starting LSB: Record successful boot for GRUB...
         Starting Login Service...
[[0;32m  OK  [0m] Started D-Bus System Message Bus.
[[0;32m  OK  [0m] Started ACPI event daemon.
[[0;32m  OK  [0m] Started Regular background program processing daemon.
         Starting LSB: MD monitoring daemon...
[[0;32m  OK  [0m] Started FUSE filesystem for LXC.
[[0;32m  OK  [0m] Started Snappy daemon.
[[0;32m  OK  [0m] Started System Logging Service.
[[0;32m  OK  [0m] Started LXD - container startup/shutdown.
[[0;32m  OK  [0m] Started Initial cloud-init job (pre-networking).
[[0;32m  OK  [0m] Found device 82540EM Gigabit Ethern...r (PRO/1000 MT Desktop Adapter).
[[0;32m  OK  [0m] Started LSB: Record successful boot for GRUB.
[[0;32m  OK  [0m] Started Login Service.
[[0;32m  OK  [0m] Started LSB: MD monitoring daemon.
         Starting Authenticate and Authorize Users to Run Privileged Tasks...
[[0;32m  OK  [0m] Listening on Load/Save RF Kill Switch Status /dev/rfkill Watch.
[[0;32m  OK  [0m] Reached target Network (Pre).
[[0;32m  OK  [0m] Started ifup for enp0s3.
         Starting Raise network interfaces...
[[0;32m  OK  [0m] Started Authenticate and Authorize Users to Run Privileged Tasks.
[[0;32m  OK  [0m] Started Accounts Service.
[[0;32m  OK  [0m] Started Raise network interfaces.
[[0;32m  OK  [0m] Reached target Network.
         Starting Automatically refresh installed snaps...
         Starting Initial cloud-init job (metadata service crawler)...
[[0;1;31mFAILED[0m] Failed to start Automatically refresh installed snaps.
See 'systemctl status snapd.refresh.service' for details.
[   34.853894] cloud-init[2075]: Cloud-init v. 0.7.7 running 'init' at Tue, 20 Sep 2016 20:24:20 +0000. Up 34.67 seconds.
[   34.925056] cloud-init[2075]: ci-info: +++++++++++++++++++++++++++++++++++++Net device info++++++++++++++++++++++++++++++++++++++
[[0;32m  OK  [0m] Started Initial cloud-init job (metadata service crawler).
[[0;32m  OK  [0m] Reached target Cloud-config availability.
[[0;32m  OK  [0m] Reached target Network is Online.
[   35.017678] cloud-init[2075]: ci-info: +--------+------+----------------------------+---------------+-------+-------------------+
[   35.201216]          cloud-initStarting iSCSI initiator daemon (iscsid)...[2075]: 
ci-info: | Device |  Up  |          Address           |      Mask     | Scope |     Hw-Address    |
         Starting Pollinate to seed the pseudo random number generator...
[   35.266770] cloud-init[2075]: ci-info: +--------+------+----------------------------+---------------+-------+-------------------+
[   35.333326] cloud-init[2075]: ci-info: |   lo   | True |         127.0.0.1          |   255.0.0.0   |   .   |         .         |
         Starting /etc/rc.local Compatibility...
[   35.357946] cloud-init[2075]: ci-info: |   lo   | True |          ::1/128           |       .       |  host |         .         |
[   35.420750] cloud-init[2075]: ci-info: | enp0s3 | True |         10.0.2.15          | 255.255.255.0 |   .   | 02:76:61:22:8c:2b |
[   35.420962] cloud-init[2075]: ci-info: | enp0s3 | True | fe80::76:61ff:fe22:8c2b/64 |       .       |  link | 02:76:61:22:8c:2b |
         Starting Apply the settings specified in cloud-config...
[   35.421381] cloud-init[2075]: ci-info: +--------+------+----------------------------+---------------+-------+-------------------+
[   35.464451] cloud-init[2075]: ci-info: +++++++++++++++++++++++++++Route IPv4 info++++++++++++++++++++++++++++
[   35.464683] cloud-init[2075]: ci-info: +-------+-------------+----------+---------------+-----------+-------+
[[0;32m  OK  [0m] Started /etc/rc.local Compatibility.
[   35.464786] cloud-init[2075]: ci-info: | Route | Destination | Gateway  |    Genmask    | Interface | Flags |
[   35.537253] cloud-init[2075]: ci-info: +-------+-------------+----------+---------------+-----------+-------+
[[0;32m  OK  [0m] Started iSCSI initiator daemon (iscsid).
[   35.537397] cloud-init[2075]: ci-info: |   0   |   0.0.0.0   | 10.0.2.2 |    0.0.0.0    |   enp0s3  |   UG  |
[   35.892488] cloud-init[2075]: ci-info: |   1   |   10.0.2.0  | 0.0.0.0  | 255.255.255.0 |   enp0s3  |   U   |
[   35.892760] cloud-init[2075]: ci-info: +-------+-------------+----------+---------------+-----------+-------+
[[0;32m  OK  [0m] Started Pollinate to seed the pseudo random number generator.
[   35.894075] cloud-init[2154]: Cloud-init v. 0.7.7 running 'modules:config' at Tue, 20 Sep 2016 20:24:21 +0000. Up 35.67 seconds.
[[0;32m  OK  [0m] Started Apply the settings specified in cloud-config.
         Starting OpenBSD Secure Shell server...
         Starting Login to default iSCSI targets...
         Starting Execute cloud user/final scripts...
[[0;32m  OK  [0m] Started OpenBSD Secure Shell server.
[[0;32m  OK  [0m] Started Login to default iSCSI targets.
[[0;32m  OK  [0m] Reached target Remote File Systems (Pre).
[[0;32m  OK  [0m] Reached target Remote File Systems.
         Starting LSB: VirtualBox Linux Additions...
         Starting LSB: automatic crash report generation...
         Starting LSB: Set the CPU Frequency Scaling governor to "ondemand"...
[   36.745071] cloud-init[2192]: Cloud-init v. 0.7.7 running 'modules:final' at Tue, 20 Sep 2016 20:24:22 +0000. Up 36.66 seconds.
[   36.864644]          cloud-initStarting Permit User Sessions...[2192]: 
Cloud-init v. 0.7.7 finished at Tue, 20 Sep 2016 20:24:22 +0000. Datasource DataSourceNoCloud [seed=/dev/sdb][dsmode=net].  Up 36.73 seconds
         Starting LSB: daemon to balance interrupts for SMP systems...
[[0;32m  OK  [0m] Started Execute cloud user/final scripts.
[[0;32m  OK  [0m] Started Permit User Sessions.
[[0;32m  OK  [0m] Started LSB: Set the CPU Frequency Scaling governor to "ondemand".
[[0;32m  OK  [0m] Started LSB: VirtualBox Linux Additions.
[[0;32m  OK  [0m] Started LSB: automatic crash report generation.
         Starting Hold until boot process finishes up...
         Starting Terminate Plymouth Boot Screen...
[[0;32m  OK  [0m] Reached target Cloud-init target.
[[0;32m  OK  [0m] Started LSB: daemon to balance interrupts for SMP systems.
[[0;32m  OK  [0m] Started Hold until boot process finishes up.
[[0;32m  OK  [0m] Started Terminate Plymouth Boot Screen.
         Starting Set console scheme...
[[0;32m  OK  [0m] Started Getty on tty1.
[[0;32m  OK  [0m] Started Serial Getty on ttyS0.
[[0;32m  OK  [0m] Reached target Login Prompts.
[[0;32m  OK  [0m] Reached target Multi-User System.
         Starting Notify bootloader that boot was successful...
[[0;32m  OK  [0m] Reached target Graphical Interface.
         Starting Update UTMP about System Runlevel Changes...
[[0;32m  OK  [0m] Started Set console scheme.
[[0;32m  OK  [0m] Started Notify bootloader that boot was successful.
[[0;32m  OK  [0m] Started Update UTMP about System Runlevel Changes.

Ubuntu 16.04.1 LTS ubuntu-xenial ttyS0

ubuntu-xenial login: 